<?xml version="1.0" encoding="UTF-8"?>
<!-- Generated by org.testng.reporters.JUnitReportReporter -->
<testsuite hostname="LAPTOP-QEDQ16NT" failures="0" tests="4" name="api.test.UserTests" time="2.404" errors="0" timestamp="2023-03-29T21:56:33 EDT" skipped="0">
  <testcase classname="api.test.UserTests" name="testpostUser" time="1.558"/>
  <system-out/>
  <testcase classname="api.test.UserTests" name="testreadUser" time="0.246"/>
  <system-out/>
  <testcase classname="api.test.UserTests" name="testupdateUser" time="0.411"/>
  <system-out/>
  <testcase classname="api.test.UserTests" name="testdeleteUser" time="0.189"/>
  <system-out/>
</testsuite> <!-- api.test.UserTests -->
