<?xml version="1.0" encoding="UTF-8"?>
<!-- Generated by org.testng.reporters.JUnitReportReporter -->
<testsuite hostname="LAPTOP-QEDQ16NT" failures="0" tests="8" name="api.payload.dataDrivenTest" time="3.162" errors="0" timestamp="2023-03-29T21:34:55 EDT" skipped="0">
  <testcase classname="api.payload.dataDrivenTest" name="testPostUser" time="0.203"/>
  <system-out/>
  <testcase classname="api.payload.dataDrivenTest" name="testPostUser" time="1.736"/>
  <system-out/>
  <testcase classname="api.payload.dataDrivenTest" name="testPostUser" time="0.210"/>
  <system-out/>
  <testcase classname="api.payload.dataDrivenTest" name="testPostUser" time="0.189"/>
  <system-out/>
  <testcase classname="api.payload.dataDrivenTest" name="testdeleteUser" time="0.197"/>
  <system-out/>
  <testcase classname="api.payload.dataDrivenTest" name="testdeleteUser" time="0.201"/>
  <system-out/>
  <testcase classname="api.payload.dataDrivenTest" name="testdeleteUser" time="0.221"/>
  <system-out/>
  <testcase classname="api.payload.dataDrivenTest" name="testdeleteUser" time="0.205"/>
  <system-out/>
</testsuite> <!-- api.payload.dataDrivenTest -->
