<?xml version="1.0" encoding="UTF-8"?>
<!-- Generated by org.testng.reporters.JUnitReportReporter -->
<testsuite hostname="LAPTOP-QEDQ16NT" failures="0" tests="4" name="api.test.UserTests2" time="2.330" errors="0" timestamp="2023-03-29T22:33:21 EDT" skipped="0">
  <testcase classname="api.test.UserTests2" name="testpostUser" time="1.625"/>
  <system-out/>
  <testcase classname="api.test.UserTests2" name="testreadUser" time="0.183"/>
  <system-out/>
  <testcase classname="api.test.UserTests2" name="testupdateUser" time="0.344"/>
  <system-out/>
  <testcase classname="api.test.UserTests2" name="testdeleteUser" time="0.178"/>
  <system-out/>
</testsuite> <!-- api.test.UserTests2 -->
