<?xml version="1.0" encoding="UTF-8"?>
<!-- Generated by org.testng.reporters.JUnitReportReporter -->
<testsuite hostname="LAPTOP-QEDQ16NT" failures="0" tests="8" name="api.test.dataDrivenTest" time="2.523" errors="0" timestamp="2023-03-29T22:52:38 EDT" skipped="0">
  <testcase classname="api.test.dataDrivenTest" name="testPostUser" time="0.146"/>
  <system-out/>
  <testcase classname="api.test.dataDrivenTest" name="testPostUser" time="1.464"/>
  <system-out/>
  <testcase classname="api.test.dataDrivenTest" name="testPostUser" time="0.159"/>
  <system-out/>
  <testcase classname="api.test.dataDrivenTest" name="testPostUser" time="0.152"/>
  <system-out/>
  <testcase classname="api.test.dataDrivenTest" name="testdeleteUser" time="0.139"/>
  <system-out/>
  <testcase classname="api.test.dataDrivenTest" name="testdeleteUser" time="0.149"/>
  <system-out/>
  <testcase classname="api.test.dataDrivenTest" name="testdeleteUser" time="0.151"/>
  <system-out/>
  <testcase classname="api.test.dataDrivenTest" name="testdeleteUser" time="0.163"/>
  <system-out/>
</testsuite> <!-- api.test.dataDrivenTest -->
