<?xml version="1.0" encoding="UTF-8"?>
<!-- Generated by org.testng.reporters.JUnitReportReporter -->
<testsuite hostname="LAPTOP-QEDQ16NT" failures="0" tests="4" name="api.test.UserTests" time="0.806" errors="0" timestamp="2023-03-29T22:52:38 EDT" skipped="0">
  <testcase classname="api.test.UserTests" name="testpostUser" time="0.184"/>
  <system-out/>
  <testcase classname="api.test.UserTests" name="testreadUser" time="0.145"/>
  <system-out/>
  <testcase classname="api.test.UserTests" name="testupdateUser" time="0.320"/>
  <system-out/>
  <testcase classname="api.test.UserTests" name="testdeleteUser" time="0.157"/>
  <system-out/>
</testsuite> <!-- api.test.UserTests -->
